#
# There is insufficient memory for the Java Runtime Environment to continue.
# Native memory allocation (malloc) failed to allocate 448640 bytes. Error detail: Chunk::new
# Possible reasons:
#   The system is out of physical RAM or swap space
#   This process is running with CompressedOops enabled, and the Java Heap may be blocking the growth of the native heap
# Possible solutions:
#   Reduce memory load on the system
#   Increase physical memory or swap space
#   Check if swap backing store is full
#   Decrease Java heap size (-Xmx/-Xms)
#   Decrease number of Java threads
#   Decrease Java thread stack sizes (-Xss)
#   Set larger code cache with -XX:ReservedCodeCacheSize=
#   JVM is running with Unscaled Compressed Oops mode in which the Java heap is
#     placed in the first 4GB address space. The Java Heap base address is the
#     maximum limit for the native heap growth. Please use -XX:HeapBaseMinAddress
#     to set the Java Heap base and to place the Java Heap above 4GB virtual address.
# This output file may be truncated or incomplete.
#
#  Out of Memory Error (arena.cpp:168), pid=12152, tid=10720
#
# JRE version: OpenJDK Runtime Environment Temurin-21.0.6+7 (21.0.6+7) (build 21.0.6+7-LTS)
# Java VM: OpenJDK 64-Bit Server VM Temurin-21.0.6+7 (21.0.6+7-LTS, mixed mode, sharing, tiered, compressed oops, compressed class ptrs, parallel gc, windows-amd64)
# No core dump will be written. Minidumps are not enabled by default on client versions of Windows
#

---------------  S U M M A R Y ------------

Command Line: --add-modules=ALL-SYSTEM --add-opens=java.base/java.util=ALL-UNNAMED --add-opens=java.base/java.lang=ALL-UNNAMED --add-opens=java.base/sun.nio.fs=ALL-UNNAMED -Declipse.application=org.eclipse.jdt.ls.core.id1 -Dosgi.bundles.defaultStartLevel=4 -Declipse.product=org.eclipse.jdt.ls.core.product -Djava.import.generatesMetadataFilesAtProjectRoot=false -DDetectVMInstallationsJob.disabled=true -Dfile.encoding=utf8 -XX:+UseParallelGC -XX:GCTimeRatio=4 -XX:AdaptiveSizePolicyWeight=90 -Dsun.zip.disableMemoryMapping=true -Xmx1G -Xms100m -Xlog:disable -javaagent:c:\Users\REMCOM\.vscode\extensions\redhat.java-1.40.0-win32-x64\lombok\lombok-1.18.36.jar -XX:+HeapDumpOnOutOfMemoryError -XX:HeapDumpPath=c:\Users\REMCOM\AppData\Roaming\Code\User\workspaceStorage\e02cd5a3c8846fb9a114320a20721f0d\redhat.java -Daether.dependencyCollector.impl=bf c:\Users\REMCOM\.vscode\extensions\redhat.java-1.40.0-win32-x64\server\plugins\org.eclipse.equinox.launcher_1.6.1000.v20250131-0606.jar -configuration c:\Users\REMCOM\AppData\Roaming\Code\User\globalStorage\redhat.java\1.40.0\config_win -data c:\Users\REMCOM\AppData\Roaming\Code\User\workspaceStorage\e02cd5a3c8846fb9a114320a20721f0d\redhat.java\jdt_ws --pipe=\\.\pipe\lsp-11da485858782984fadb05f0a5f9caf6-sock

Host: Intel(R) Core(TM) i5-6200U CPU @ 2.30GHz, 4 cores, 7G,  Windows 11 , 64 bit Build 22621 (10.0.22621.3958)
Time: Sat Mar 15 12:38:17 2025 Paris, Madrid elapsed time: 37.839854 seconds (0d 0h 0m 37s)

---------------  T H R E A D  ---------------

Current thread (0x0000024ae4b7aa50):  JavaThread "C2 CompilerThread0" daemon [_thread_in_native, id=10720, stack(0x000000ffd8400000,0x000000ffd8500000) (1024K)]


Current CompileTask:
C2:37840 6477       4       java.io.WinNTFileSystem::normalize (143 bytes)

Stack: [0x000000ffd8400000,0x000000ffd8500000]
Native frames: (J=compiled Java code, j=interpreted, Vv=VM code, C=native code)
V  [jvm.dll+0x6cdee9]
V  [jvm.dll+0x8a83d1]
V  [jvm.dll+0x8aa8fe]
V  [jvm.dll+0x8aafe3]
V  [jvm.dll+0x27f706]
V  [jvm.dll+0xc500d]
V  [jvm.dll+0xc5543]
V  [jvm.dll+0x3b678c]
V  [jvm.dll+0x382935]
V  [jvm.dll+0x381d9a]
V  [jvm.dll+0x2479f0]
V  [jvm.dll+0x246fcf]
V  [jvm.dll+0x1c75ee]
V  [jvm.dll+0x25685a]
V  [jvm.dll+0x254dfa]
V  [jvm.dll+0x3f0256]
V  [jvm.dll+0x851f8b]
V  [jvm.dll+0x6cc5ed]
C  [ucrtbase.dll+0x29333]
C  [KERNEL32.DLL+0x1257d]
C  [ntdll.dll+0x5af08]


---------------  P R O C E S S  ---------------

Threads class SMR info:
_java_thread_list=0x0000024aead88940, length=35, elements={
0x0000024ace7b4dd0, 0x0000024ae4b74390, 0x0000024ace86c700, 0x0000024ace86d4b0,
0x0000024ace86e100, 0x0000024ae4b771c0, 0x0000024ae4b77c10, 0x0000024ae4b7aa50,
0x0000024ae4bec950, 0x0000024ae5942700, 0x0000024ae5ba1580, 0x0000024aea38ab30,
0x0000024ae5c94d70, 0x0000024aea274430, 0x0000024ae5caf6a0, 0x0000024aeaad03c0,
0x0000024aeaad0a50, 0x0000024aeaacfd30, 0x0000024aeaace2f0, 0x0000024aeaacf6a0,
0x0000024aeaace980, 0x0000024aea1ed9b0, 0x0000024aea1ebf70, 0x0000024aea1ef3f0,
0x0000024aea1f0110, 0x0000024aea1f0e30, 0x0000024aea1f14c0, 0x0000024aea1f2870,
0x0000024aea1ee040, 0x0000024aea1efa80, 0x0000024aea1f07a0, 0x0000024aea1ecc90,
0x0000024aea1f1b50, 0x0000024aea1f21e0, 0x0000024aea1f2f00
}

Java Threads: ( => current thread )
  0x0000024ace7b4dd0 JavaThread "main"                              [_thread_blocked, id=7748, stack(0x000000ffd7a00000,0x000000ffd7b00000) (1024K)]
  0x0000024ae4b74390 JavaThread "Reference Handler"          daemon [_thread_blocked, id=23812, stack(0x000000ffd7e00000,0x000000ffd7f00000) (1024K)]
  0x0000024ace86c700 JavaThread "Finalizer"                  daemon [_thread_blocked, id=18592, stack(0x000000ffd7f00000,0x000000ffd8000000) (1024K)]
  0x0000024ace86d4b0 JavaThread "Signal Dispatcher"          daemon [_thread_blocked, id=20268, stack(0x000000ffd8000000,0x000000ffd8100000) (1024K)]
  0x0000024ace86e100 JavaThread "Attach Listener"            daemon [_thread_blocked, id=11972, stack(0x000000ffd8100000,0x000000ffd8200000) (1024K)]
  0x0000024ae4b771c0 JavaThread "Service Thread"             daemon [_thread_blocked, id=20044, stack(0x000000ffd8200000,0x000000ffd8300000) (1024K)]
  0x0000024ae4b77c10 JavaThread "Monitor Deflation Thread"   daemon [_thread_blocked, id=14108, stack(0x000000ffd8300000,0x000000ffd8400000) (1024K)]
=>0x0000024ae4b7aa50 JavaThread "C2 CompilerThread0"         daemon [_thread_in_native, id=10720, stack(0x000000ffd8400000,0x000000ffd8500000) (1024K)]
  0x0000024ae4bec950 JavaThread "C1 CompilerThread0"         daemon [_thread_blocked, id=22844, stack(0x000000ffd8500000,0x000000ffd8600000) (1024K)]
  0x0000024ae5942700 JavaThread "Common-Cleaner"             daemon [_thread_blocked, id=25124, stack(0x000000ffd8600000,0x000000ffd8700000) (1024K)]
  0x0000024ae5ba1580 JavaThread "Notification Thread"        daemon [_thread_blocked, id=18104, stack(0x000000ffd8700000,0x000000ffd8800000) (1024K)]
  0x0000024aea38ab30 JavaThread "Active Thread: Equinox Container: 07cb8ce5-adbc-4591-bf0a-d2384b7c6e43"        [_thread_blocked, id=19576, stack(0x000000ffd8c00000,0x000000ffd8d00000) (1024K)]
  0x0000024ae5c94d70 JavaThread "Refresh Thread: Equinox Container: 07cb8ce5-adbc-4591-bf0a-d2384b7c6e43" daemon [_thread_blocked, id=23340, stack(0x000000ffd8d00000,0x000000ffd8e00000) (1024K)]
  0x0000024aea274430 JavaThread "Framework Event Dispatcher: Equinox Container: 07cb8ce5-adbc-4591-bf0a-d2384b7c6e43" daemon [_thread_blocked, id=11964, stack(0x000000ffd8b00000,0x000000ffd8c00000) (1024K)]
  0x0000024ae5caf6a0 JavaThread "Start Level: Equinox Container: 07cb8ce5-adbc-4591-bf0a-d2384b7c6e43" daemon [_thread_blocked, id=16076, stack(0x000000ffd8e00000,0x000000ffd8f00000) (1024K)]
  0x0000024aeaad03c0 JavaThread "Bundle File Closer"         daemon [_thread_blocked, id=21468, stack(0x000000ffd8f00000,0x000000ffd9000000) (1024K)]
  0x0000024aeaad0a50 JavaThread "SCR Component Actor"        daemon [_thread_blocked, id=16980, stack(0x000000ffd9000000,0x000000ffd9100000) (1024K)]
  0x0000024aeaacfd30 JavaThread "Worker-JM"                         [_thread_blocked, id=9196, stack(0x000000ffd9200000,0x000000ffd9300000) (1024K)]
  0x0000024aeaace2f0 JavaThread "JNA Cleaner"                daemon [_thread_blocked, id=1516, stack(0x000000ffd9300000,0x000000ffd9400000) (1024K)]
  0x0000024aeaacf6a0 JavaThread "Worker-0: Repository registry initialization"        [_thread_in_Java, id=20728, stack(0x000000ffd9400000,0x000000ffd9500000) (1024K)]
  0x0000024aeaace980 JavaThread "Worker-1: Updating Maven Dependencies"        [_thread_blocked, id=17884, stack(0x000000ffd9500000,0x000000ffd9600000) (1024K)]
  0x0000024aea1ed9b0 JavaThread "Worker-2: Initialize After Load"        [_thread_blocked, id=17176, stack(0x000000ffd9600000,0x000000ffd9700000) (1024K)]
  0x0000024aea1ebf70 JavaThread "Worker-3: Loading available Gradle versions"        [_thread_in_vm, id=19776, stack(0x000000ffd9700000,0x000000ffd9800000) (1024K)]
  0x0000024aea1ef3f0 JavaThread "Java indexing"              daemon [_thread_blocked, id=15816, stack(0x000000ffd9100000,0x000000ffd9200000) (1024K)]
  0x0000024aea1f0110 JavaThread "Worker-4"                          [_thread_blocked, id=16808, stack(0x000000ffd9a00000,0x000000ffd9b00000) (1024K)]
  0x0000024aea1f0e30 JavaThread "Worker-5"                          [_thread_blocked, id=23160, stack(0x000000ffd9c00000,0x000000ffd9d00000) (1024K)]
  0x0000024aea1f14c0 JavaThread "Thread-2"                   daemon [_thread_in_native, id=10624, stack(0x000000ffd9d00000,0x000000ffd9e00000) (1024K)]
  0x0000024aea1f2870 JavaThread "Thread-3"                   daemon [_thread_in_native, id=23516, stack(0x000000ffd9e00000,0x000000ffd9f00000) (1024K)]
  0x0000024aea1ee040 JavaThread "Thread-4"                   daemon [_thread_in_native, id=20952, stack(0x000000ffd9f00000,0x000000ffda000000) (1024K)]
  0x0000024aea1efa80 JavaThread "Thread-5"                   daemon [_thread_in_native, id=18616, stack(0x000000ffda000000,0x000000ffda100000) (1024K)]
  0x0000024aea1f07a0 JavaThread "Thread-6"                   daemon [_thread_in_native, id=19212, stack(0x000000ffda100000,0x000000ffda200000) (1024K)]
  0x0000024aea1ecc90 JavaThread "pool-2-thread-1"                   [_thread_blocked, id=20248, stack(0x000000ffda200000,0x000000ffda300000) (1024K)]
  0x0000024aea1f1b50 JavaThread "WorkspaceEventsHandler"            [_thread_blocked, id=24124, stack(0x000000ffda400000,0x000000ffda500000) (1024K)]
  0x0000024aea1f21e0 JavaThread "pool-1-thread-1"                   [_thread_blocked, id=12660, stack(0x000000ffda500000,0x000000ffda600000) (1024K)]
  0x0000024aea1f2f00 JavaThread "Keep-Alive-Timer"           daemon [_thread_blocked, id=1748, stack(0x000000ffd9b00000,0x000000ffd9c00000) (1024K)]
Total: 35

Other Threads:
  0x0000024ace854300 VMThread "VM Thread"                           [id=9264, stack(0x000000ffd7d00000,0x000000ffd7e00000) (1024K)]
  0x0000024ae4b0c8d0 WatcherThread "VM Periodic Task Thread"        [id=9372, stack(0x000000ffd7c00000,0x000000ffd7d00000) (1024K)]
  0x0000024ace7d1cf0 WorkerThread "GC Thread#0"                     [id=23224, stack(0x000000ffd7b00000,0x000000ffd7c00000) (1024K)]
  0x0000024ae5cfc930 WorkerThread "GC Thread#1"                     [id=18532, stack(0x000000ffd8800000,0x000000ffd8900000) (1024K)]
  0x0000024aea212850 WorkerThread "GC Thread#2"                     [id=23644, stack(0x000000ffd8900000,0x000000ffd8a00000) (1024K)]
  0x0000024aea212bf0 WorkerThread "GC Thread#3"                     [id=25732, stack(0x000000ffd8a00000,0x000000ffd8b00000) (1024K)]
Total: 6

Threads with active compile tasks:
C2 CompilerThread0  37942 6477       4       java.io.WinNTFileSystem::normalize (143 bytes)
Total: 1

VM state: not at safepoint (normal execution)

VM Mutex/Monitor currently owned by a thread:  ([mutex/lock_event])
[0x00007ffd512fc300] Metaspace_lock - owner thread: 0x0000024aea1ebf70

Heap address: 0x00000000c0000000, size: 1024 MB, Compressed Oops mode: 32-bit

CDS archive(s) mapped at: [0x0000024a80000000-0x0000024a80ba0000-0x0000024a80ba0000), size 12189696, SharedBaseAddress: 0x0000024a80000000, ArchiveRelocationMode: 1.
Compressed class space mapped at: 0x0000024a81000000-0x0000024ac1000000, reserved size: 1073741824
Narrow klass base: 0x0000024a80000000, Narrow klass shift: 0, Narrow klass range: 0x100000000

GC Precious Log:
 CardTable entry size: 512
 CPUs: 4 total, 4 available
 Memory: 8072M
 Large Page Support: Disabled
 NUMA Support: Disabled
 Compressed Oops: Enabled (32-bit)
 Alignments: Space 512K, Generation 512K, Heap 2M
 Heap Min Capacity: 100M
 Heap Initial Capacity: 100M
 Heap Max Capacity: 1G
 Pre-touch: Disabled
 Parallel Workers: 4

Heap:
 PSYoungGen      total 23552K, used 14924K [0x00000000eab00000, 0x00000000ec500000, 0x0000000100000000)
  eden space 22016K, 62% used [0x00000000eab00000,0x00000000eb863018,0x00000000ec080000)
  from space 1536K, 79% used [0x00000000ec300000,0x00000000ec430000,0x00000000ec480000)
  to   space 512K, 0% used [0x00000000ec480000,0x00000000ec480000,0x00000000ec500000)
 ParOldGen       total 68608K, used 21777K [0x00000000c0000000, 0x00000000c4300000, 0x00000000eab00000)
  object space 68608K, 31% used [0x00000000c0000000,0x00000000c15446f0,0x00000000c4300000)
 Metaspace       used 47396K, committed 48512K, reserved 1114112K
  class space    used 5042K, committed 5504K, reserved 1048576K

Card table byte_map: [0x0000024ae24a0000,0x0000024ae26b0000] _byte_map_base: 0x0000024ae1ea0000

Marking Bits: (ParMarkBitMap*) 0x00007ffd51303260
 Begin Bits: [0x0000024ae2810000, 0x0000024ae3810000)
 End Bits:   [0x0000024ae3810000, 0x0000024ae4810000)

Polling page: 0x0000024ace870000

Metaspace:

Usage:
  Non-class:     41.36 MB used.
      Class:      4.92 MB used.
       Both:     46.29 MB used.

Virtual space:
  Non-class space:       64.00 MB reserved,      42.00 MB ( 66%) committed,  1 nodes.
      Class space:        1.00 GB reserved,       5.38 MB ( <1%) committed,  1 nodes.
             Both:        1.06 GB reserved,      47.38 MB (  4%) committed. 

Chunk freelists:
   Non-Class:  5.52 MB
       Class:  10.48 MB
        Both:  16.00 MB

MaxMetaspaceSize: unlimited
CompressedClassSpaceSize: 1.00 GB
Initial GC threshold: 21.00 MB
Current GC threshold: 58.38 MB
CDS: on
 - commit_granule_bytes: 65536.
 - commit_granule_words: 8192.
 - virtual_space_node_default_size: 8388608.
 - enlarge_chunks_in_place: 1.
 - use_allocation_guard: 0.


Internal statistics:

num_allocs_failed_limit: 6.
num_arena_births: 764.
num_arena_deaths: 24.
num_vsnodes_births: 2.
num_vsnodes_deaths: 0.
num_space_committed: 758.
num_space_uncommitted: 0.
num_chunks_returned_to_freelist: 33.
num_chunks_taken_from_freelist: 2708.
num_chunk_merges: 13.
num_chunk_splits: 1659.
num_chunks_enlarged: 915.
num_inconsistent_stats: 0.

CodeHeap 'non-profiled nmethods': size=120000Kb used=3209Kb max_used=3209Kb free=116790Kb
 bounds [0x0000024adad80000, 0x0000024adb0b0000, 0x0000024ae22b0000]
CodeHeap 'profiled nmethods': size=120000Kb used=12482Kb max_used=12482Kb free=107517Kb
 bounds [0x0000024ad32b0000, 0x0000024ad3ef0000, 0x0000024ada7e0000]
CodeHeap 'non-nmethods': size=5760Kb used=1398Kb max_used=1470Kb free=4362Kb
 bounds [0x0000024ada7e0000, 0x0000024adaa50000, 0x0000024adad80000]
 total_blobs=6606 nmethods=5907 adapters=605
 compilation: enabled
              stopped_count=0, restarted_count=0
 full_count=0

Compilation events (20 events):
Event: 37.800 Thread 0x0000024ae4bec950 6490       3       java.lang.reflect.Field::setOverrideFieldAccessor (20 bytes)
Event: 37.801 Thread 0x0000024ae4bec950 nmethod 6490 0x0000024ad3eda310 code [0x0000024ad3eda4c0, 0x0000024ad3eda700]
Event: 37.801 Thread 0x0000024ae4bec950 6491       3       java.util.concurrent.atomic.AtomicReferenceFieldUpdater$AtomicReferenceFieldUpdaterImpl::compareAndSet (24 bytes)
Event: 37.801 Thread 0x0000024ae4bec950 nmethod 6491 0x0000024ad3eda810 code [0x0000024ad3edaa00, 0x0000024ad3edaea0]
Event: 37.802 Thread 0x0000024ae4bec950 6492       3       java.util.concurrent.atomic.AtomicReferenceFieldUpdater$AtomicReferenceFieldUpdaterImpl::accessCheck (17 bytes)
Event: 37.802 Thread 0x0000024ae4bec950 nmethod 6492 0x0000024ad3edb090 code [0x0000024ad3edb240, 0x0000024ad3edb3f8]
Event: 37.802 Thread 0x0000024ae4bec950 6493       3       org.eclipse.sisu.space.NamedClass::load (14 bytes)
Event: 37.802 Thread 0x0000024ae4bec950 nmethod 6493 0x0000024ad3edb510 code [0x0000024ad3edb6c0, 0x0000024ad3edb8d0]
Event: 37.803 Thread 0x0000024ae4bec950 6494       3       com.google.inject.internal.Annotations::isRetainedAtRuntime (32 bytes)
Event: 37.804 Thread 0x0000024ae4bec950 nmethod 6494 0x0000024ad3edba10 code [0x0000024ad3edbc20, 0x0000024ad3edc210]
Event: 37.805 Thread 0x0000024ae4bec950 6495       2       java.util.Collections$UnmodifiableMap$UnmodifiableEntrySet$UnmodifiableEntry::getKey (10 bytes)
Event: 37.806 Thread 0x0000024ae4bec950 nmethod 6495 0x0000024ad3edc410 code [0x0000024ad3edc5c0, 0x0000024ad3edc6f8]
Event: 37.815 Thread 0x0000024ae4bec950 6496       3       java.util.TreeSet::add (22 bytes)
Event: 37.815 Thread 0x0000024ae4bec950 nmethod 6496 0x0000024ad3edc790 code [0x0000024ad3edc940, 0x0000024ad3edcb78]
Event: 37.815 Thread 0x0000024ae4bec950 6497       1       org.codehaus.plexus.classworlds.realm.Entry::getPackageName (5 bytes)
Event: 37.816 Thread 0x0000024ae4bec950 nmethod 6497 0x0000024adb0a1e90 code [0x0000024adb0a2020, 0x0000024adb0a20e8]
Event: 37.816 Thread 0x0000024ae4bec950 6498       3       org.codehaus.plexus.classworlds.realm.Entry::compareTo (9 bytes)
Event: 37.816 Thread 0x0000024ae4bec950 nmethod 6498 0x0000024ad3edcc10 code [0x0000024ad3edcde0, 0x0000024ad3edd0e0]
Event: 37.818 Thread 0x0000024ae4bec950 6499       1       com.google.inject.Key$AnnotationTypeStrategy::getAnnotationType (5 bytes)
Event: 37.818 Thread 0x0000024ae4bec950 nmethod 6499 0x0000024adb0a2190 code [0x0000024adb0a2320, 0x0000024adb0a23e8]

GC Heap History (20 events):
Event: 19.177 GC heap before
{Heap before GC invocations=10 (full 1):
 PSYoungGen      total 24576K, used 24384K [0x00000000eab00000, 0x00000000ec980000, 0x0000000100000000)
  eden space 24064K, 100% used [0x00000000eab00000,0x00000000ec280000,0x00000000ec280000)
  from space 512K, 62% used [0x00000000ec900000,0x00000000ec950000,0x00000000ec980000)
  to   space 2048K, 0% used [0x00000000ec580000,0x00000000ec580000,0x00000000ec780000)
 ParOldGen       total 68608K, used 13045K [0x00000000c0000000, 0x00000000c4300000, 0x00000000eab00000)
  object space 68608K, 19% used [0x00000000c0000000,0x00000000c0cbd658,0x00000000c4300000)
 Metaspace       used 26868K, committed 27840K, reserved 1114112K
  class space    used 2648K, committed 3072K, reserved 1048576K
}
Event: 19.181 GC heap after
{Heap after GC invocations=10 (full 1):
 PSYoungGen      total 25600K, used 1745K [0x00000000eab00000, 0x00000000ec980000, 0x0000000100000000)
  eden space 23552K, 0% used [0x00000000eab00000,0x00000000eab00000,0x00000000ec200000)
  from space 2048K, 85% used [0x00000000ec580000,0x00000000ec7347b8,0x00000000ec780000)
  to   space 2048K, 0% used [0x00000000ec780000,0x00000000ec780000,0x00000000ec980000)
 ParOldGen       total 68608K, used 13053K [0x00000000c0000000, 0x00000000c4300000, 0x00000000eab00000)
  object space 68608K, 19% used [0x00000000c0000000,0x00000000c0cbf658,0x00000000c4300000)
 Metaspace       used 26868K, committed 27840K, reserved 1114112K
  class space    used 2648K, committed 3072K, reserved 1048576K
}
Event: 20.878 GC heap before
{Heap before GC invocations=11 (full 1):
 PSYoungGen      total 25600K, used 25297K [0x00000000eab00000, 0x00000000ec980000, 0x0000000100000000)
  eden space 23552K, 100% used [0x00000000eab00000,0x00000000ec200000,0x00000000ec200000)
  from space 2048K, 85% used [0x00000000ec580000,0x00000000ec7347b8,0x00000000ec780000)
  to   space 2048K, 0% used [0x00000000ec780000,0x00000000ec780000,0x00000000ec980000)
 ParOldGen       total 68608K, used 13053K [0x00000000c0000000, 0x00000000c4300000, 0x00000000eab00000)
  object space 68608K, 19% used [0x00000000c0000000,0x00000000c0cbf658,0x00000000c4300000)
 Metaspace       used 28853K, committed 29824K, reserved 1114112K
  class space    used 2852K, committed 3264K, reserved 1048576K
}
Event: 20.882 GC heap after
{Heap after GC invocations=11 (full 1):
 PSYoungGen      total 25088K, used 1617K [0x00000000eab00000, 0x00000000ec980000, 0x0000000100000000)
  eden space 23040K, 0% used [0x00000000eab00000,0x00000000eab00000,0x00000000ec180000)
  from space 2048K, 78% used [0x00000000ec780000,0x00000000ec914658,0x00000000ec980000)
  to   space 2048K, 0% used [0x00000000ec580000,0x00000000ec580000,0x00000000ec780000)
 ParOldGen       total 68608K, used 14103K [0x00000000c0000000, 0x00000000c4300000, 0x00000000eab00000)
  object space 68608K, 20% used [0x00000000c0000000,0x00000000c0dc5c20,0x00000000c4300000)
 Metaspace       used 28853K, committed 29824K, reserved 1114112K
  class space    used 2852K, committed 3264K, reserved 1048576K
}
Event: 22.963 GC heap before
{Heap before GC invocations=12 (full 1):
 PSYoungGen      total 25088K, used 24657K [0x00000000eab00000, 0x00000000ec980000, 0x0000000100000000)
  eden space 23040K, 100% used [0x00000000eab00000,0x00000000ec180000,0x00000000ec180000)
  from space 2048K, 78% used [0x00000000ec780000,0x00000000ec914658,0x00000000ec980000)
  to   space 2048K, 0% used [0x00000000ec580000,0x00000000ec580000,0x00000000ec780000)
 ParOldGen       total 68608K, used 14103K [0x00000000c0000000, 0x00000000c4300000, 0x00000000eab00000)
  object space 68608K, 20% used [0x00000000c0000000,0x00000000c0dc5c20,0x00000000c4300000)
 Metaspace       used 30202K, committed 31104K, reserved 1114112K
  class space    used 2985K, committed 3328K, reserved 1048576K
}
Event: 22.985 GC heap after
{Heap after GC invocations=12 (full 1):
 PSYoungGen      total 23552K, used 736K [0x00000000eab00000, 0x00000000ec800000, 0x0000000100000000)
  eden space 22528K, 0% used [0x00000000eab00000,0x00000000eab00000,0x00000000ec100000)
  from space 1024K, 71% used [0x00000000ec580000,0x00000000ec638000,0x00000000ec680000)
  to   space 1536K, 0% used [0x00000000ec680000,0x00000000ec680000,0x00000000ec800000)
 ParOldGen       total 68608K, used 15512K [0x00000000c0000000, 0x00000000c4300000, 0x00000000eab00000)
  object space 68608K, 22% used [0x00000000c0000000,0x00000000c0f261c8,0x00000000c4300000)
 Metaspace       used 30202K, committed 31104K, reserved 1114112K
  class space    used 2985K, committed 3328K, reserved 1048576K
}
Event: 29.764 GC heap before
{Heap before GC invocations=13 (full 1):
 PSYoungGen      total 23552K, used 23264K [0x00000000eab00000, 0x00000000ec800000, 0x0000000100000000)
  eden space 22528K, 100% used [0x00000000eab00000,0x00000000ec100000,0x00000000ec100000)
  from space 1024K, 71% used [0x00000000ec580000,0x00000000ec638000,0x00000000ec680000)
  to   space 1536K, 0% used [0x00000000ec680000,0x00000000ec680000,0x00000000ec800000)
 ParOldGen       total 68608K, used 15512K [0x00000000c0000000, 0x00000000c4300000, 0x00000000eab00000)
  object space 68608K, 22% used [0x00000000c0000000,0x00000000c0f261c8,0x00000000c4300000)
 Metaspace       used 33027K, committed 33984K, reserved 1114112K
  class space    used 3290K, committed 3712K, reserved 1048576K
}
Event: 29.771 GC heap after
{Heap after GC invocations=13 (full 1):
 PSYoungGen      total 23552K, used 1250K [0x00000000eab00000, 0x00000000ec800000, 0x0000000100000000)
  eden space 22016K, 0% used [0x00000000eab00000,0x00000000eab00000,0x00000000ec080000)
  from space 1536K, 81% used [0x00000000ec680000,0x00000000ec7b8b50,0x00000000ec800000)
  to   space 1536K, 0% used [0x00000000ec500000,0x00000000ec500000,0x00000000ec680000)
 ParOldGen       total 68608K, used 16064K [0x00000000c0000000, 0x00000000c4300000, 0x00000000eab00000)
  object space 68608K, 23% used [0x00000000c0000000,0x00000000c0fb0208,0x00000000c4300000)
 Metaspace       used 33027K, committed 33984K, reserved 1114112K
  class space    used 3290K, committed 3712K, reserved 1048576K
}
Event: 30.327 GC heap before
{Heap before GC invocations=14 (full 1):
 PSYoungGen      total 23552K, used 15598K [0x00000000eab00000, 0x00000000ec800000, 0x0000000100000000)
  eden space 22016K, 65% used [0x00000000eab00000,0x00000000eb902d00,0x00000000ec080000)
  from space 1536K, 81% used [0x00000000ec680000,0x00000000ec7b8b50,0x00000000ec800000)
  to   space 1536K, 0% used [0x00000000ec500000,0x00000000ec500000,0x00000000ec680000)
 ParOldGen       total 68608K, used 16064K [0x00000000c0000000, 0x00000000c4300000, 0x00000000eab00000)
  object space 68608K, 23% used [0x00000000c0000000,0x00000000c0fb0208,0x00000000c4300000)
 Metaspace       used 34809K, committed 35840K, reserved 1114112K
  class space    used 3521K, committed 3968K, reserved 1048576K
}
Event: 30.333 GC heap after
{Heap after GC invocations=14 (full 1):
 PSYoungGen      total 23040K, used 704K [0x00000000eab00000, 0x00000000ec700000, 0x0000000100000000)
  eden space 22016K, 0% used [0x00000000eab00000,0x00000000eab00000,0x00000000ec080000)
  from space 1024K, 68% used [0x00000000ec500000,0x00000000ec5b0000,0x00000000ec600000)
  to   space 1024K, 0% used [0x00000000ec600000,0x00000000ec600000,0x00000000ec700000)
 ParOldGen       total 68608K, used 17167K [0x00000000c0000000, 0x00000000c4300000, 0x00000000eab00000)
  object space 68608K, 25% used [0x00000000c0000000,0x00000000c10c3e38,0x00000000c4300000)
 Metaspace       used 34809K, committed 35840K, reserved 1114112K
  class space    used 3521K, committed 3968K, reserved 1048576K
}
Event: 30.333 GC heap before
{Heap before GC invocations=15 (full 2):
 PSYoungGen      total 23040K, used 704K [0x00000000eab00000, 0x00000000ec700000, 0x0000000100000000)
  eden space 22016K, 0% used [0x00000000eab00000,0x00000000eab00000,0x00000000ec080000)
  from space 1024K, 68% used [0x00000000ec500000,0x00000000ec5b0000,0x00000000ec600000)
  to   space 1024K, 0% used [0x00000000ec600000,0x00000000ec600000,0x00000000ec700000)
 ParOldGen       total 68608K, used 17167K [0x00000000c0000000, 0x00000000c4300000, 0x00000000eab00000)
  object space 68608K, 25% used [0x00000000c0000000,0x00000000c10c3e38,0x00000000c4300000)
 Metaspace       used 34809K, committed 35840K, reserved 1114112K
  class space    used 3521K, committed 3968K, reserved 1048576K
}
Event: 30.452 GC heap after
{Heap after GC invocations=15 (full 2):
 PSYoungGen      total 23040K, used 0K [0x00000000eab00000, 0x00000000ec700000, 0x0000000100000000)
  eden space 22016K, 0% used [0x00000000eab00000,0x00000000eab00000,0x00000000ec080000)
  from space 1024K, 0% used [0x00000000ec500000,0x00000000ec500000,0x00000000ec600000)
  to   space 1024K, 0% used [0x00000000ec600000,0x00000000ec600000,0x00000000ec700000)
 ParOldGen       total 68608K, used 17336K [0x00000000c0000000, 0x00000000c4300000, 0x00000000eab00000)
  object space 68608K, 25% used [0x00000000c0000000,0x00000000c10ee138,0x00000000c4300000)
 Metaspace       used 34800K, committed 35840K, reserved 1114112K
  class space    used 3518K, committed 3968K, reserved 1048576K
}
Event: 31.463 GC heap before
{Heap before GC invocations=16 (full 2):
 PSYoungGen      total 23040K, used 22015K [0x00000000eab00000, 0x00000000ec700000, 0x0000000100000000)
  eden space 22016K, 99% used [0x00000000eab00000,0x00000000ec07fc18,0x00000000ec080000)
  from space 1024K, 0% used [0x00000000ec500000,0x00000000ec500000,0x00000000ec600000)
  to   space 1024K, 0% used [0x00000000ec600000,0x00000000ec600000,0x00000000ec700000)
 ParOldGen       total 68608K, used 17336K [0x00000000c0000000, 0x00000000c4300000, 0x00000000eab00000)
  object space 68608K, 25% used [0x00000000c0000000,0x00000000c10ee138,0x00000000c4300000)
 Metaspace       used 37914K, committed 39040K, reserved 1114112K
  class space    used 3866K, committed 4352K, reserved 1048576K
}
Event: 31.470 GC heap after
{Heap after GC invocations=16 (full 2):
 PSYoungGen      total 23040K, used 1001K [0x00000000eab00000, 0x00000000ec700000, 0x0000000100000000)
  eden space 22016K, 0% used [0x00000000eab00000,0x00000000eab00000,0x00000000ec080000)
  from space 1024K, 97% used [0x00000000ec600000,0x00000000ec6fa438,0x00000000ec700000)
  to   space 2560K, 0% used [0x00000000ec200000,0x00000000ec200000,0x00000000ec480000)
 ParOldGen       total 68608K, used 18189K [0x00000000c0000000, 0x00000000c4300000, 0x00000000eab00000)
  object space 68608K, 26% used [0x00000000c0000000,0x00000000c11c3698,0x00000000c4300000)
 Metaspace       used 37914K, committed 39040K, reserved 1114112K
  class space    used 3866K, committed 4352K, reserved 1048576K
}
Event: 32.492 GC heap before
{Heap before GC invocations=17 (full 2):
 PSYoungGen      total 23040K, used 23017K [0x00000000eab00000, 0x00000000ec700000, 0x0000000100000000)
  eden space 22016K, 100% used [0x00000000eab00000,0x00000000ec080000,0x00000000ec080000)
  from space 1024K, 97% used [0x00000000ec600000,0x00000000ec6fa438,0x00000000ec700000)
  to   space 2560K, 0% used [0x00000000ec200000,0x00000000ec200000,0x00000000ec480000)
 ParOldGen       total 68608K, used 18189K [0x00000000c0000000, 0x00000000c4300000, 0x00000000eab00000)
  object space 68608K, 26% used [0x00000000c0000000,0x00000000c11c3698,0x00000000c4300000)
 Metaspace       used 40321K, committed 41472K, reserved 1114112K
  class space    used 4151K, committed 4608K, reserved 1048576K
}
Event: 32.500 GC heap after
{Heap after GC invocations=17 (full 2):
 PSYoungGen      total 24576K, used 1776K [0x00000000eab00000, 0x00000000ec680000, 0x0000000100000000)
  eden space 22016K, 0% used [0x00000000eab00000,0x00000000eab00000,0x00000000ec080000)
  from space 2560K, 69% used [0x00000000ec200000,0x00000000ec3bc010,0x00000000ec480000)
  to   space 2048K, 0% used [0x00000000ec480000,0x00000000ec480000,0x00000000ec680000)
 ParOldGen       total 68608K, used 19127K [0x00000000c0000000, 0x00000000c4300000, 0x00000000eab00000)
  object space 68608K, 27% used [0x00000000c0000000,0x00000000c12ade58,0x00000000c4300000)
 Metaspace       used 40321K, committed 41472K, reserved 1114112K
  class space    used 4151K, committed 4608K, reserved 1048576K
}
Event: 33.372 GC heap before
{Heap before GC invocations=18 (full 2):
 PSYoungGen      total 24576K, used 23792K [0x00000000eab00000, 0x00000000ec680000, 0x0000000100000000)
  eden space 22016K, 100% used [0x00000000eab00000,0x00000000ec080000,0x00000000ec080000)
  from space 2560K, 69% used [0x00000000ec200000,0x00000000ec3bc010,0x00000000ec480000)
  to   space 2048K, 0% used [0x00000000ec480000,0x00000000ec480000,0x00000000ec680000)
 ParOldGen       total 68608K, used 19127K [0x00000000c0000000, 0x00000000c4300000, 0x00000000eab00000)
  object space 68608K, 27% used [0x00000000c0000000,0x00000000c12ade58,0x00000000c4300000)
 Metaspace       used 43378K, committed 44544K, reserved 1114112K
  class space    used 4550K, committed 5056K, reserved 1048576K
}
Event: 33.381 GC heap after
{Heap after GC invocations=18 (full 2):
 PSYoungGen      total 23552K, used 1082K [0x00000000eab00000, 0x00000000ec600000, 0x0000000100000000)
  eden space 22016K, 0% used [0x00000000eab00000,0x00000000eab00000,0x00000000ec080000)
  from space 1536K, 70% used [0x00000000ec480000,0x00000000ec58eb38,0x00000000ec600000)
  to   space 1536K, 0% used [0x00000000ec300000,0x00000000ec300000,0x00000000ec480000)
 ParOldGen       total 68608K, used 20818K [0x00000000c0000000, 0x00000000c4300000, 0x00000000eab00000)
  object space 68608K, 30% used [0x00000000c0000000,0x00000000c1454b88,0x00000000c4300000)
 Metaspace       used 43378K, committed 44544K, reserved 1114112K
  class space    used 4550K, committed 5056K, reserved 1048576K
}
Event: 36.562 GC heap before
{Heap before GC invocations=19 (full 2):
 PSYoungGen      total 23552K, used 23098K [0x00000000eab00000, 0x00000000ec600000, 0x0000000100000000)
  eden space 22016K, 100% used [0x00000000eab00000,0x00000000ec080000,0x00000000ec080000)
  from space 1536K, 70% used [0x00000000ec480000,0x00000000ec58eb38,0x00000000ec600000)
  to   space 1536K, 0% used [0x00000000ec300000,0x00000000ec300000,0x00000000ec480000)
 ParOldGen       total 68608K, used 20818K [0x00000000c0000000, 0x00000000c4300000, 0x00000000eab00000)
  object space 68608K, 30% used [0x00000000c0000000,0x00000000c1454b88,0x00000000c4300000)
 Metaspace       used 45797K, committed 46912K, reserved 1114112K
  class space    used 4833K, committed 5312K, reserved 1048576K
}
Event: 36.568 GC heap after
{Heap after GC invocations=19 (full 2):
 PSYoungGen      total 23552K, used 1216K [0x00000000eab00000, 0x00000000ec500000, 0x0000000100000000)
  eden space 22016K, 0% used [0x00000000eab00000,0x00000000eab00000,0x00000000ec080000)
  from space 1536K, 79% used [0x00000000ec300000,0x00000000ec430000,0x00000000ec480000)
  to   space 512K, 0% used [0x00000000ec480000,0x00000000ec480000,0x00000000ec500000)
 ParOldGen       total 68608K, used 21777K [0x00000000c0000000, 0x00000000c4300000, 0x00000000eab00000)
  object space 68608K, 31% used [0x00000000c0000000,0x00000000c15446f0,0x00000000c4300000)
 Metaspace       used 45797K, committed 46912K, reserved 1114112K
  class space    used 4833K, committed 5312K, reserved 1048576K
}

Dll operation events (12 events):
Event: 0.025 Loaded shared library c:\Users\REMCOM\.vscode\extensions\redhat.java-1.40.0-win32-x64\jre\21.0.6-win32-x86_64\bin\java.dll
Event: 0.392 Loaded shared library c:\Users\REMCOM\.vscode\extensions\redhat.java-1.40.0-win32-x64\jre\21.0.6-win32-x86_64\bin\zip.dll
Event: 0.493 Loaded shared library C:\Users\REMCOM\.vscode\extensions\redhat.java-1.40.0-win32-x64\jre\21.0.6-win32-x86_64\bin\instrument.dll
Event: 0.504 Loaded shared library C:\Users\REMCOM\.vscode\extensions\redhat.java-1.40.0-win32-x64\jre\21.0.6-win32-x86_64\bin\net.dll
Event: 0.519 Loaded shared library C:\Users\REMCOM\.vscode\extensions\redhat.java-1.40.0-win32-x64\jre\21.0.6-win32-x86_64\bin\nio.dll
Event: 0.536 Loaded shared library C:\Users\REMCOM\.vscode\extensions\redhat.java-1.40.0-win32-x64\jre\21.0.6-win32-x86_64\bin\zip.dll
Event: 0.590 Loaded shared library C:\Users\REMCOM\.vscode\extensions\redhat.java-1.40.0-win32-x64\jre\21.0.6-win32-x86_64\bin\jimage.dll
Event: 0.917 Loaded shared library c:\Users\REMCOM\.vscode\extensions\redhat.java-1.40.0-win32-x64\jre\21.0.6-win32-x86_64\bin\verify.dll
Event: 7.149 Loaded shared library C:\Users\REMCOM\AppData\Roaming\Code\User\globalStorage\redhat.java\1.40.0\config_win\org.eclipse.equinox.launcher\org.eclipse.equinox.launcher.win32.win32.x86_64_1.2.1200.v20250212-0927\eclipse_11909.dll
Event: 14.572 Loaded shared library C:\Users\REMCOM\AppData\Local\Temp\jna--1881293145\jna4478534083749093828.dll
Event: 30.672 Loaded shared library C:\Users\REMCOM\.vscode\extensions\redhat.java-1.40.0-win32-x64\jre\21.0.6-win32-x86_64\bin\sunmscapi.dll
Event: 33.010 Loaded shared library C:\Users\REMCOM\.vscode\extensions\redhat.java-1.40.0-win32-x64\jre\21.0.6-win32-x86_64\bin\extnet.dll

Deoptimization events (20 events):
Event: 37.778 Thread 0x0000024aeaacf6a0 DEOPT PACKING pc=0x0000024adb079a18 sp=0x000000ffd94fef00
Event: 37.778 Thread 0x0000024aeaacf6a0 DEOPT UNPACKING pc=0x0000024ada833aa2 sp=0x000000ffd94fee90 mode 2
Event: 37.780 Thread 0x0000024aeaace980 DEOPT PACKING pc=0x0000024adb079418 sp=0x000000ffd95fef70
Event: 37.780 Thread 0x0000024aeaace980 DEOPT UNPACKING pc=0x0000024ada833aa2 sp=0x000000ffd95fef00 mode 2
Event: 37.788 Thread 0x0000024aeaacf6a0 Uncommon trap: trap_request=0xffffffbe fr.pc=0x0000024adb0a1970 relative=0x0000000000000390
Event: 37.795 Thread 0x0000024aeaacf6a0 Uncommon trap: reason=profile_predicate action=maybe_recompile pc=0x0000024adb0a1970 method=com.google.inject.internal.aop.ImmutableStringTrie.nextPivotColumn([Ljava/lang/String;III)I @ 21 c2
Event: 37.795 Thread 0x0000024aeaacf6a0 DEOPT PACKING pc=0x0000024adb0a1970 sp=0x000000ffd94fd160
Event: 37.795 Thread 0x0000024aeaacf6a0 DEOPT UNPACKING pc=0x0000024ada833aa2 sp=0x000000ffd94fd0f0 mode 2
Event: 37.799 Thread 0x0000024aeaacf6a0 Uncommon trap: trap_request=0xffffffbe fr.pc=0x0000024adb0a1970 relative=0x0000000000000390
Event: 37.799 Thread 0x0000024aeaacf6a0 Uncommon trap: reason=profile_predicate action=maybe_recompile pc=0x0000024adb0a1970 method=com.google.inject.internal.aop.ImmutableStringTrie.nextPivotColumn([Ljava/lang/String;III)I @ 21 c2
Event: 37.799 Thread 0x0000024aeaacf6a0 DEOPT PACKING pc=0x0000024adb0a1970 sp=0x000000ffd94fc050
Event: 37.799 Thread 0x0000024aeaacf6a0 DEOPT UNPACKING pc=0x0000024ada833aa2 sp=0x000000ffd94fbfe0 mode 2
Event: 37.803 Thread 0x0000024aeaacf6a0 Uncommon trap: trap_request=0xffffffbe fr.pc=0x0000024adb0a1970 relative=0x0000000000000390
Event: 37.803 Thread 0x0000024aeaacf6a0 Uncommon trap: reason=profile_predicate action=maybe_recompile pc=0x0000024adb0a1970 method=com.google.inject.internal.aop.ImmutableStringTrie.nextPivotColumn([Ljava/lang/String;III)I @ 21 c2
Event: 37.803 Thread 0x0000024aeaacf6a0 DEOPT PACKING pc=0x0000024adb0a1970 sp=0x000000ffd94fb3d0
Event: 37.803 Thread 0x0000024aeaacf6a0 DEOPT UNPACKING pc=0x0000024ada833aa2 sp=0x000000ffd94fb360 mode 2
Event: 37.821 Thread 0x0000024aeaacf6a0 Uncommon trap: trap_request=0xffffffbe fr.pc=0x0000024adb0a1970 relative=0x0000000000000390
Event: 37.821 Thread 0x0000024aeaacf6a0 Uncommon trap: reason=profile_predicate action=maybe_recompile pc=0x0000024adb0a1970 method=com.google.inject.internal.aop.ImmutableStringTrie.nextPivotColumn([Ljava/lang/String;III)I @ 21 c2
Event: 37.822 Thread 0x0000024aeaacf6a0 DEOPT PACKING pc=0x0000024adb0a1970 sp=0x000000ffd94fa420
Event: 37.822 Thread 0x0000024aeaacf6a0 DEOPT UNPACKING pc=0x0000024ada833aa2 sp=0x000000ffd94fa3b0 mode 2

Classes loaded (20 events):
Event: 37.194 Loading class sun/net/www/http/KeepAliveStreamCleaner
Event: 37.195 Loading class sun/net/www/http/KeepAliveStreamCleaner done
Event: 37.197 Loading class sun/net/www/http/KeepAliveStreamCleaner$1
Event: 37.197 Loading class sun/net/www/http/KeepAliveStreamCleaner$1 done
Event: 37.197 Loading class sun/net/www/http/KeepAliveStreamCleaner$2
Event: 37.197 Loading class sun/net/www/http/KeepAliveStreamCleaner$2 done
Event: 37.197 Loading class sun/net/www/protocol/http/HttpURLConnection$HttpInputStream
Event: 37.198 Loading class sun/net/www/protocol/http/HttpURLConnection$HttpInputStream done
Event: 37.366 Loading class sun/nio/cs/ISO_8859_1$Encoder
Event: 37.367 Loading class sun/nio/cs/ISO_8859_1$Encoder done
Event: 37.367 Loading class sun/nio/cs/Surrogate$Parser
Event: 37.367 Loading class sun/nio/cs/Surrogate$Parser done
Event: 37.367 Loading class sun/nio/cs/Surrogate
Event: 37.367 Loading class sun/nio/cs/Surrogate done
Event: 37.564 Loading class sun/net/www/http/KeepAliveCache$1
Event: 37.565 Loading class sun/net/www/http/KeepAliveCache$1 done
Event: 37.566 Loading class sun/net/www/http/KeepAliveCache$ClientVector
Event: 37.566 Loading class sun/net/www/http/KeepAliveCache$ClientVector done
Event: 37.577 Loading class sun/net/www/http/KeepAliveEntry
Event: 37.578 Loading class sun/net/www/http/KeepAliveEntry done

Classes unloaded (12 events):
Event: 17.020 Thread 0x0000024ace854300 Unloading class 0x0000024a81194c00 'java/lang/invoke/LambdaForm$MH+0x0000024a81194c00'
Event: 17.020 Thread 0x0000024ace854300 Unloading class 0x0000024a81194800 'java/lang/invoke/LambdaForm$MH+0x0000024a81194800'
Event: 17.020 Thread 0x0000024ace854300 Unloading class 0x0000024a81194400 'java/lang/invoke/LambdaForm$MH+0x0000024a81194400'
Event: 17.020 Thread 0x0000024ace854300 Unloading class 0x0000024a81194000 'java/lang/invoke/LambdaForm$MH+0x0000024a81194000'
Event: 17.020 Thread 0x0000024ace854300 Unloading class 0x0000024a81193c00 'java/lang/invoke/LambdaForm$BMH+0x0000024a81193c00'
Event: 17.020 Thread 0x0000024ace854300 Unloading class 0x0000024a81193800 'java/lang/invoke/LambdaForm$DMH+0x0000024a81193800'
Event: 17.020 Thread 0x0000024ace854300 Unloading class 0x0000024a81192400 'java/lang/invoke/LambdaForm$DMH+0x0000024a81192400'
Event: 30.358 Thread 0x0000024ace854300 Unloading class 0x0000024a8127f000 'java/lang/invoke/LambdaForm$MH+0x0000024a8127f000'
Event: 30.358 Thread 0x0000024ace854300 Unloading class 0x0000024a8127e400 'java/lang/invoke/LambdaForm$MH+0x0000024a8127e400'
Event: 30.358 Thread 0x0000024ace854300 Unloading class 0x0000024a8127dc00 'java/lang/invoke/LambdaForm$MH+0x0000024a8127dc00'
Event: 30.358 Thread 0x0000024ace854300 Unloading class 0x0000024a8127d400 'java/lang/invoke/LambdaForm$DMH+0x0000024a8127d400'
Event: 30.358 Thread 0x0000024ace854300 Unloading class 0x0000024a8127cc00 'java/lang/invoke/LambdaForm$MH+0x0000024a8127cc00'

Classes redefined (0 events):
No events

Internal exceptions (20 events):
Event: 29.759 Thread 0x0000024ae5caf6a0 Exception <a 'java/lang/ClassNotFoundException'{0x00000000ec0c6508}: com/sun/org/apache/xml/internal/serializer/spi/XMLEntitiesProvider> (0x00000000ec0c6508) 
thrown [s\src\hotspot\share\classfile\systemDictionary.cpp, line 312]
Event: 30.048 Thread 0x0000024ae5caf6a0 Exception <a 'java/io/FileNotFoundException'{0x00000000eb3e25c8}> (0x00000000eb3e25c8) 
thrown [s\src\hotspot\share\prims\jni.cpp, line 520]
Event: 30.106 Thread 0x0000024ae5caf6a0 Exception <a 'java/lang/UnsatisfiedLinkError'{0x00000000eb58c9c0}: La procédure spécifiée est introuvable.
> (0x00000000eb58c9c0) 
thrown [s\src\hotspot\share\prims\jni.cpp, line 539]
Event: 30.177 Thread 0x0000024ae5caf6a0 Exception <a 'java/io/FileNotFoundException'{0x00000000eb5a4550}> (0x00000000eb5a4550) 
thrown [s\src\hotspot\share\prims\jni.cpp, line 520]
Event: 30.202 Thread 0x0000024ae5caf6a0 Exception <a 'java/io/FileNotFoundException'{0x00000000eb751090}> (0x00000000eb751090) 
thrown [s\src\hotspot\share\prims\jni.cpp, line 520]
Event: 30.211 Thread 0x0000024ae5caf6a0 Exception <a 'java/lang/UnsatisfiedLinkError'{0x00000000eb782f90}: La procédure spécifiée est introuvable.
> (0x00000000eb782f90) 
thrown [s\src\hotspot\share\prims\jni.cpp, line 539]
Event: 30.950 Thread 0x0000024aea1ebf70 Exception <a 'sun/nio/fs/WindowsException'{0x00000000eba16988}> (0x00000000eba16988) 
thrown [s\src\hotspot\share\prims\jni.cpp, line 520]
Event: 31.033 Thread 0x0000024ace7b4dd0 Exception <a 'java/lang/NoSuchMethodError'{0x00000000ebbfb000}: 'java.lang.Object java.lang.invoke.DirectMethodHandle$Holder.invokeStatic(java.lang.Object, long, java.lang.Object)'> (0x00000000ebbfb000) 
thrown [s\src\hotspot\share\interpreter\linkResolver.cpp, line 773]
Event: 31.034 Thread 0x0000024ace7b4dd0 Exception <a 'java/lang/NoSuchMethodError'{0x00000000ebbfefc8}: 'java.lang.Object java.lang.invoke.DirectMethodHandle$Holder.invokeStaticInit(java.lang.Object, long, java.lang.Object)'> (0x00000000ebbfefc8) 
thrown [s\src\hotspot\share\interpreter\linkResolver.cpp, line 773]
Event: 31.036 Thread 0x0000024ace7b4dd0 Exception <a 'java/lang/NoSuchMethodError'{0x00000000ebc05498}: 'java.lang.Object java.lang.invoke.DirectMethodHandle$Holder.newInvokeSpecial(java.lang.Object, long)'> (0x00000000ebc05498) 
thrown [s\src\hotspot\share\interpreter\linkResolver.cpp, line 773]
Event: 32.886 Thread 0x0000024aeaacf6a0 Exception <a 'java/lang/NoSuchMethodError'{0x00000000eb2e7448}: 'void java.lang.invoke.DirectMethodHandle$Holder.invokeStaticInit(java.lang.Object, java.lang.Object, java.lang.Object)'> (0x00000000eb2e7448) 
thrown [s\src\hotspot\share\interpreter\linkResolver.cpp, line 773]
Event: 32.891 Thread 0x0000024aeaacf6a0 Exception <a 'java/lang/ExceptionInInitializerError'{0x00000000eb31c118}> (0x00000000eb31c118) 
thrown [s\src\hotspot\share\oops\instanceKlass.cpp, line 1220]
Event: 33.031 Thread 0x0000024aeaacf6a0 Implicit null exception at 0x0000024adaed7180 to 0x0000024adaed7400
Event: 33.031 Thread 0x0000024aeaacf6a0 Implicit null exception at 0x0000024adae2efa0 to 0x0000024adae2fec0
Event: 33.042 Thread 0x0000024aeaacf6a0 Exception <a 'java/lang/NoSuchMethodError'{0x00000000eb766ab0}: 'java.lang.Object java.lang.invoke.Invokers$Holder.invokeExact_MT(java.lang.Object, int, java.lang.Object)'> (0x00000000eb766ab0) 
thrown [s\src\hotspot\share\interpreter\linkResolver.cpp, line 773]
Event: 33.299 Thread 0x0000024ace7b4dd0 Exception <a 'java/lang/NoSuchMethodError'{0x00000000ebee9710}: 'void java.lang.invoke.DirectMethodHandle$Holder.invokeSpecial(java.lang.Object, java.lang.Object, java.lang.Object, java.lang.Object, java.lang.Object, java.lang.Object)'> (0x00000000ebee9710) 
thrown [s\src\hotspot\share\interpreter\linkResolver.cpp, line 773]
Event: 33.301 Thread 0x0000024ace7b4dd0 Exception <a 'java/lang/IncompatibleClassChangeError'{0x00000000ebef1890}: Found class java.lang.Object, but interface was expected> (0x00000000ebef1890) 
thrown [s\src\hotspot\share\interpreter\linkResolver.cpp, line 840]
Event: 33.301 Thread 0x0000024ace7b4dd0 Exception <a 'java/lang/IncompatibleClassChangeError'{0x00000000ebef35e8}: Found class java.lang.Object, but interface was expected> (0x00000000ebef35e8) 
thrown [s\src\hotspot\share\interpreter\linkResolver.cpp, line 840]
Event: 35.340 Thread 0x0000024aea1ebf70 Implicit null exception at 0x0000024adadf5d71 to 0x0000024adadf5e2c
Event: 36.782 Thread 0x0000024aeaacf6a0 Exception <a 'java/lang/NoClassDefFoundError'{0x00000000eae4ab10}: com/google/inject/servlet/ServletModuleTargetVisitor> (0x00000000eae4ab10) 
thrown [s\src\hotspot\share\classfile\systemDictionary.cpp, line 301]

ZGC Phase Switch (0 events):
No events

VM Operations (20 events):
Event: 33.353 Executing VM operation: HandshakeAllThreads (Deoptimize)
Event: 33.371 Executing VM operation: HandshakeAllThreads (Deoptimize) done
Event: 33.372 Executing VM operation: ParallelGCFailedAllocation (Allocation Failure)
Event: 33.381 Executing VM operation: ParallelGCFailedAllocation (Allocation Failure) done
Event: 34.387 Executing VM operation: Cleanup
Event: 34.420 Executing VM operation: Cleanup done
Event: 35.424 Executing VM operation: Cleanup
Event: 35.440 Executing VM operation: Cleanup done
Event: 36.211 Executing VM operation: HandshakeAllThreads (Deoptimize)
Event: 36.406 Executing VM operation: HandshakeAllThreads (Deoptimize) done
Event: 36.552 Executing VM operation: ParallelGCFailedAllocation (Allocation Failure)
Event: 36.568 Executing VM operation: ParallelGCFailedAllocation (Allocation Failure) done
Event: 37.196 Executing VM operation: HandshakeAllThreads (Deoptimize)
Event: 37.196 Executing VM operation: HandshakeAllThreads (Deoptimize) done
Event: 37.204 Executing VM operation: ICBufferFull
Event: 37.204 Executing VM operation: ICBufferFull done
Event: 37.568 Executing VM operation: HandshakeAllThreads (Deoptimize)
Event: 37.576 Executing VM operation: HandshakeAllThreads (Deoptimize) done
Event: 37.638 Executing VM operation: HandshakeAllThreads (Deoptimize)
Event: 37.638 Executing VM operation: HandshakeAllThreads (Deoptimize) done

Memory protections (0 events):
No events

Nmethod flushes (20 events):
Event: 30.383 Thread 0x0000024ace854300 flushing  nmethod 0x0000024ad3943d10
Event: 30.383 Thread 0x0000024ace854300 flushing  nmethod 0x0000024ad3944510
Event: 30.383 Thread 0x0000024ace854300 flushing  nmethod 0x0000024ad3944c90
Event: 30.383 Thread 0x0000024ace854300 flushing  nmethod 0x0000024ad3946610
Event: 30.383 Thread 0x0000024ace854300 flushing  nmethod 0x0000024ad3947190
Event: 30.383 Thread 0x0000024ace854300 flushing  nmethod 0x0000024ad3947a90
Event: 30.383 Thread 0x0000024ace854300 flushing  nmethod 0x0000024ad3948790
Event: 30.383 Thread 0x0000024ace854300 flushing  nmethod 0x0000024ad3949a90
Event: 30.383 Thread 0x0000024ace854300 flushing  nmethod 0x0000024ad394a710
Event: 30.383 Thread 0x0000024ace854300 flushing  nmethod 0x0000024ad394b590
Event: 30.383 Thread 0x0000024ace854300 flushing  nmethod 0x0000024ad3958610
Event: 30.383 Thread 0x0000024ace854300 flushing  nmethod 0x0000024ad397e710
Event: 30.383 Thread 0x0000024ace854300 flushing  nmethod 0x0000024ad3984a10
Event: 30.383 Thread 0x0000024ace854300 flushing  nmethod 0x0000024ad3988e90
Event: 30.383 Thread 0x0000024ace854300 flushing  nmethod 0x0000024ad3993990
Event: 30.383 Thread 0x0000024ace854300 flushing  nmethod 0x0000024ad39f1710
Event: 30.383 Thread 0x0000024ace854300 flushing osr nmethod 0x0000024ad3a1b990
Event: 30.383 Thread 0x0000024ace854300 flushing  nmethod 0x0000024ad3a1f790
Event: 30.383 Thread 0x0000024ace854300 flushing  nmethod 0x0000024ad3a3f190
Event: 30.383 Thread 0x0000024ace854300 flushing  nmethod 0x0000024ad3a5de10

Events (20 events):
Event: 30.688 Thread 0x0000024ae4bec950 Thread added: 0x0000024aeb676150
Event: 30.908 Thread 0x0000024aea1f0110 Thread added: 0x0000024aea1f0e30
Event: 31.390 Thread 0x0000024ace7b4dd0 Thread added: 0x0000024aea1f14c0
Event: 31.390 Thread 0x0000024ace7b4dd0 Thread added: 0x0000024aea1f2870
Event: 31.390 Thread 0x0000024ace7b4dd0 Thread added: 0x0000024aea1ee040
Event: 31.394 Thread 0x0000024ace7b4dd0 Thread added: 0x0000024aea1efa80
Event: 31.397 Thread 0x0000024ace7b4dd0 Thread added: 0x0000024aea1f07a0
Event: 31.439 Thread 0x0000024ace7b4dd0 Thread added: 0x0000024aea1ecc90
Event: 32.504 Thread 0x0000024aeb676150 Thread exited: 0x0000024aeb676150
Event: 32.674 Thread 0x0000024ae4bec950 Thread added: 0x0000024aed3eafb0
Event: 33.451 Thread 0x0000024ace7b4dd0 Thread added: 0x0000024aea1f1b50
Event: 33.451 Thread 0x0000024ace7b4dd0 Thread added: 0x0000024aea1f21e0
Event: 33.756 Thread 0x0000024aed3eafb0 Thread exited: 0x0000024aed3eafb0
Event: 33.941 Thread 0x0000024ae4bec950 Thread added: 0x0000024aed3eafb0
Event: 36.114 Thread 0x0000024aed3eafb0 Thread exited: 0x0000024aed3eafb0
Event: 36.721 Thread 0x0000024ae4bec950 Thread added: 0x0000024aed829000
Event: 36.977 Thread 0x0000024aea1ebf70 Thread added: 0x0000024aea1f2f00
Event: 37.135 Thread 0x0000024aea1f2f00 Thread exited: 0x0000024aea1f2f00
Event: 37.445 Thread 0x0000024aed829000 Thread exited: 0x0000024aed829000
Event: 37.566 Thread 0x0000024aea1ebf70 Thread added: 0x0000024aea1f2f00


Dynamic libraries:
0x00007ff75d5b0000 - 0x00007ff75d5be000 	c:\Users\REMCOM\.vscode\extensions\redhat.java-1.40.0-win32-x64\jre\21.0.6-win32-x86_64\bin\java.exe
0x00007ffe21bb0000 - 0x00007ffe21dc7000 	C:\WINDOWS\SYSTEM32\ntdll.dll
0x00007ffe20c50000 - 0x00007ffe20d14000 	C:\WINDOWS\System32\KERNEL32.DLL
0x00007ffe1f520000 - 0x00007ffe1f8d7000 	C:\WINDOWS\System32\KERNELBASE.dll
0x00007ffe1f110000 - 0x00007ffe1f221000 	C:\WINDOWS\System32\ucrtbase.dll
0x00007ffdeee30000 - 0x00007ffdeee48000 	c:\Users\REMCOM\.vscode\extensions\redhat.java-1.40.0-win32-x64\jre\21.0.6-win32-x86_64\bin\jli.dll
0x00007ffe21670000 - 0x00007ffe2181f000 	C:\WINDOWS\System32\USER32.dll
0x00007ffe1f4f0000 - 0x00007ffe1f516000 	C:\WINDOWS\System32\win32u.dll
0x00007ffe21640000 - 0x00007ffe21669000 	C:\WINDOWS\System32\GDI32.dll
0x00007ffe1eec0000 - 0x00007ffe1efd8000 	C:\WINDOWS\System32\gdi32full.dll
0x00007ffe1f3d0000 - 0x00007ffe1f46a000 	C:\WINDOWS\System32\msvcp_win.dll
0x00007ffdea730000 - 0x00007ffdea74e000 	c:\Users\REMCOM\.vscode\extensions\redhat.java-1.40.0-win32-x64\jre\21.0.6-win32-x86_64\bin\VCRUNTIME140.dll
0x00007ffe03e10000 - 0x00007ffe040a3000 	C:\WINDOWS\WinSxS\amd64_microsoft.windows.common-controls_6595b64144ccf1df_6.0.22621.3672_none_2713b9d173822955\COMCTL32.dll
0x00007ffe20ba0000 - 0x00007ffe20c47000 	C:\WINDOWS\System32\msvcrt.dll
0x00007ffe1fa20000 - 0x00007ffe1fa51000 	C:\WINDOWS\System32\IMM32.DLL
0x00007ffe185f0000 - 0x00007ffe185fc000 	c:\Users\REMCOM\.vscode\extensions\redhat.java-1.40.0-win32-x64\jre\21.0.6-win32-x86_64\bin\vcruntime140_1.dll
0x00007ffdc5230000 - 0x00007ffdc52bd000 	c:\Users\REMCOM\.vscode\extensions\redhat.java-1.40.0-win32-x64\jre\21.0.6-win32-x86_64\bin\msvcp140.dll
0x00007ffd50650000 - 0x00007ffd513e0000 	c:\Users\REMCOM\.vscode\extensions\redhat.java-1.40.0-win32-x64\jre\21.0.6-win32-x86_64\bin\server\jvm.dll
0x00007ffe1fa80000 - 0x00007ffe1fb32000 	C:\WINDOWS\System32\ADVAPI32.dll
0x00007ffe209f0000 - 0x00007ffe20a98000 	C:\WINDOWS\System32\sechost.dll
0x00007ffe1f3a0000 - 0x00007ffe1f3c8000 	C:\WINDOWS\System32\bcrypt.dll
0x00007ffe1f900000 - 0x00007ffe1fa14000 	C:\WINDOWS\System32\RPCRT4.dll
0x00007ffe21900000 - 0x00007ffe21971000 	C:\WINDOWS\System32\WS2_32.dll
0x00007ffe1ed90000 - 0x00007ffe1eddd000 	C:\WINDOWS\SYSTEM32\POWRPROF.dll
0x00007ffe170e0000 - 0x00007ffe17114000 	C:\WINDOWS\SYSTEM32\WINMM.dll
0x00007ffe12df0000 - 0x00007ffe12dfa000 	C:\WINDOWS\SYSTEM32\VERSION.dll
0x00007ffe1ecc0000 - 0x00007ffe1ecd3000 	C:\WINDOWS\SYSTEM32\UMPDC.dll
0x00007ffe1df10000 - 0x00007ffe1df28000 	C:\WINDOWS\SYSTEM32\kernel.appcore.dll
0x00007ffe153a0000 - 0x00007ffe153aa000 	c:\Users\REMCOM\.vscode\extensions\redhat.java-1.40.0-win32-x64\jre\21.0.6-win32-x86_64\bin\jimage.dll
0x00007ffe18780000 - 0x00007ffe189b2000 	C:\WINDOWS\SYSTEM32\DBGHELP.DLL
0x00007ffe20e30000 - 0x00007ffe211be000 	C:\WINDOWS\System32\combase.dll
0x00007ffe21820000 - 0x00007ffe218f7000 	C:\WINDOWS\System32\OLEAUT32.dll
0x00007ffe14300000 - 0x00007ffe14332000 	C:\WINDOWS\SYSTEM32\dbgcore.DLL
0x00007ffe1f470000 - 0x00007ffe1f4eb000 	C:\WINDOWS\System32\bcryptPrimitives.dll
0x00007ffdea720000 - 0x00007ffdea72f000 	c:\Users\REMCOM\.vscode\extensions\redhat.java-1.40.0-win32-x64\jre\21.0.6-win32-x86_64\bin\instrument.dll
0x00007ffde1770000 - 0x00007ffde178f000 	c:\Users\REMCOM\.vscode\extensions\redhat.java-1.40.0-win32-x64\jre\21.0.6-win32-x86_64\bin\java.dll
0x00007ffe1fd90000 - 0x00007ffe205f9000 	C:\WINDOWS\System32\SHELL32.dll
0x00007ffe1ce30000 - 0x00007ffe1d72f000 	C:\WINDOWS\SYSTEM32\windows.storage.dll
0x00007ffe1ccf0000 - 0x00007ffe1ce2f000 	C:\WINDOWS\SYSTEM32\wintypes.dll
0x00007ffe1fb90000 - 0x00007ffe1fc89000 	C:\WINDOWS\System32\SHCORE.dll
0x00007ffe1fc90000 - 0x00007ffe1fcee000 	C:\WINDOWS\System32\shlwapi.dll
0x00007ffe1edf0000 - 0x00007ffe1ee17000 	C:\WINDOWS\SYSTEM32\profapi.dll
0x00007ffdda940000 - 0x00007ffdda958000 	c:\Users\REMCOM\.vscode\extensions\redhat.java-1.40.0-win32-x64\jre\21.0.6-win32-x86_64\bin\zip.dll
0x00007ffde8fa0000 - 0x00007ffde8fb0000 	C:\Users\REMCOM\.vscode\extensions\redhat.java-1.40.0-win32-x64\jre\21.0.6-win32-x86_64\bin\net.dll
0x00007ffe178d0000 - 0x00007ffe17a06000 	C:\WINDOWS\SYSTEM32\WINHTTP.dll
0x00007ffe1e380000 - 0x00007ffe1e3e9000 	C:\WINDOWS\system32\mswsock.dll
0x00007ffdda920000 - 0x00007ffdda936000 	C:\Users\REMCOM\.vscode\extensions\redhat.java-1.40.0-win32-x64\jre\21.0.6-win32-x86_64\bin\nio.dll
0x00007ffdde460000 - 0x00007ffdde470000 	c:\Users\REMCOM\.vscode\extensions\redhat.java-1.40.0-win32-x64\jre\21.0.6-win32-x86_64\bin\verify.dll
0x00007ffdc4110000 - 0x00007ffdc4155000 	C:\Users\REMCOM\AppData\Roaming\Code\User\globalStorage\redhat.java\1.40.0\config_win\org.eclipse.equinox.launcher\org.eclipse.equinox.launcher.win32.win32.x86_64_1.2.1200.v20250212-0927\eclipse_11909.dll
0x00007ffe20670000 - 0x00007ffe20815000 	C:\WINDOWS\System32\ole32.dll
0x00007ffe1e5d0000 - 0x00007ffe1e5eb000 	C:\WINDOWS\SYSTEM32\CRYPTSP.dll
0x00007ffe1de70000 - 0x00007ffe1dea5000 	C:\WINDOWS\system32\rsaenh.dll
0x00007ffe1e470000 - 0x00007ffe1e498000 	C:\WINDOWS\SYSTEM32\USERENV.dll
0x00007ffe1e5f0000 - 0x00007ffe1e5fc000 	C:\WINDOWS\SYSTEM32\CRYPTBASE.dll
0x00007ffe1d990000 - 0x00007ffe1d9bd000 	C:\WINDOWS\SYSTEM32\IPHLPAPI.DLL
0x00007ffe20820000 - 0x00007ffe20829000 	C:\WINDOWS\System32\NSI.dll
0x00007ffdc40c0000 - 0x00007ffdc4109000 	C:\Users\REMCOM\AppData\Local\Temp\jna--1881293145\jna4478534083749093828.dll
0x00007ffe1fd00000 - 0x00007ffe1fd08000 	C:\WINDOWS\System32\PSAPI.DLL
0x00007ffe178b0000 - 0x00007ffe178c9000 	C:\WINDOWS\SYSTEM32\dhcpcsvc6.DLL
0x00007ffe17890000 - 0x00007ffe178af000 	C:\WINDOWS\SYSTEM32\dhcpcsvc.DLL
0x00007ffdddc10000 - 0x00007ffdddc1e000 	C:\Users\REMCOM\.vscode\extensions\redhat.java-1.40.0-win32-x64\jre\21.0.6-win32-x86_64\bin\sunmscapi.dll
0x00007ffe1f230000 - 0x00007ffe1f396000 	C:\WINDOWS\System32\CRYPT32.dll
0x00007ffe1e790000 - 0x00007ffe1e7bd000 	C:\WINDOWS\SYSTEM32\ncrypt.dll
0x00007ffe1e750000 - 0x00007ffe1e787000 	C:\WINDOWS\SYSTEM32\NTASN1.dll
0x00007ffe1da00000 - 0x00007ffe1db02000 	C:\WINDOWS\SYSTEM32\DNSAPI.dll
0x00007ffe11df0000 - 0x00007ffe11dfa000 	C:\Windows\System32\rasadhlp.dll
0x00007ffe14ef0000 - 0x00007ffe14f73000 	C:\WINDOWS\System32\fwpuclnt.dll
0x00007ffdda990000 - 0x00007ffdda999000 	C:\Users\REMCOM\.vscode\extensions\redhat.java-1.40.0-win32-x64\jre\21.0.6-win32-x86_64\bin\extnet.dll

dbghelp: loaded successfully - version: 4.0.5 - missing functions: none
symbol engine: initialized successfully - sym options: 0x614 - pdb path: .;c:\Users\REMCOM\.vscode\extensions\redhat.java-1.40.0-win32-x64\jre\21.0.6-win32-x86_64\bin;C:\WINDOWS\SYSTEM32;C:\WINDOWS\WinSxS\amd64_microsoft.windows.common-controls_6595b64144ccf1df_6.0.22621.3672_none_2713b9d173822955;c:\Users\REMCOM\.vscode\extensions\redhat.java-1.40.0-win32-x64\jre\21.0.6-win32-x86_64\bin\server;C:\Users\REMCOM\AppData\Roaming\Code\User\globalStorage\redhat.java\1.40.0\config_win\org.eclipse.equinox.launcher\org.eclipse.equinox.launcher.win32.win32.x86_64_1.2.1200.v20250212-0927;C:\Users\REMCOM\AppData\Local\Temp\jna--1881293145

VM Arguments:
jvm_args: --add-modules=ALL-SYSTEM --add-opens=java.base/java.util=ALL-UNNAMED --add-opens=java.base/java.lang=ALL-UNNAMED --add-opens=java.base/sun.nio.fs=ALL-UNNAMED -Declipse.application=org.eclipse.jdt.ls.core.id1 -Dosgi.bundles.defaultStartLevel=4 -Declipse.product=org.eclipse.jdt.ls.core.product -Djava.import.generatesMetadataFilesAtProjectRoot=false -DDetectVMInstallationsJob.disabled=true -Dfile.encoding=utf8 -XX:+UseParallelGC -XX:GCTimeRatio=4 -XX:AdaptiveSizePolicyWeight=90 -Dsun.zip.disableMemoryMapping=true -Xmx1G -Xms100m -Xlog:disable -javaagent:c:\Users\REMCOM\.vscode\extensions\redhat.java-1.40.0-win32-x64\lombok\lombok-1.18.36.jar -XX:+HeapDumpOnOutOfMemoryError -XX:HeapDumpPath=c:\Users\REMCOM\AppData\Roaming\Code\User\workspaceStorage\e02cd5a3c8846fb9a114320a20721f0d\redhat.java -Daether.dependencyCollector.impl=bf 
java_command: c:\Users\REMCOM\.vscode\extensions\redhat.java-1.40.0-win32-x64\server\plugins\org.eclipse.equinox.launcher_1.6.1000.v20250131-0606.jar -configuration c:\Users\REMCOM\AppData\Roaming\Code\User\globalStorage\redhat.java\1.40.0\config_win -data c:\Users\REMCOM\AppData\Roaming\Code\User\workspaceStorage\e02cd5a3c8846fb9a114320a20721f0d\redhat.java\jdt_ws --pipe=\\.\pipe\lsp-11da485858782984fadb05f0a5f9caf6-sock
java_class_path (initial): c:\Users\REMCOM\.vscode\extensions\redhat.java-1.40.0-win32-x64\server\plugins\org.eclipse.equinox.launcher_1.6.1000.v20250131-0606.jar
Launcher Type: SUN_STANDARD

[Global flags]
    uintx AdaptiveSizePolicyWeight                 = 90                                        {product} {command line}
     intx CICompilerCount                          = 3                                         {product} {ergonomic}
    uintx GCTimeRatio                              = 4                                         {product} {command line}
     bool HeapDumpOnOutOfMemoryError               = true                                   {manageable} {command line}
    ccstr HeapDumpPath                             = c:\Users\REMCOM\AppData\Roaming\Code\User\workspaceStorage\e02cd5a3c8846fb9a114320a20721f0d\redhat.java         {manageable} {command line}
   size_t InitialHeapSize                          = 104857600                                 {product} {command line}
   size_t MaxHeapSize                              = 1073741824                                {product} {command line}
   size_t MaxNewSize                               = 357564416                                 {product} {ergonomic}
   size_t MinHeapDeltaBytes                        = 524288                                    {product} {ergonomic}
   size_t MinHeapSize                              = 104857600                                 {product} {command line}
   size_t NewSize                                  = 34603008                                  {product} {ergonomic}
    uintx NonNMethodCodeHeapSize                   = 5832780                                {pd product} {ergonomic}
    uintx NonProfiledCodeHeapSize                  = 122912730                              {pd product} {ergonomic}
   size_t OldSize                                  = 70254592                                  {product} {ergonomic}
    uintx ProfiledCodeHeapSize                     = 122912730                              {pd product} {ergonomic}
    uintx ReservedCodeCacheSize                    = 251658240                              {pd product} {ergonomic}
     bool SegmentedCodeCache                       = true                                      {product} {ergonomic}
   size_t SoftMaxHeapSize                          = 1073741824                             {manageable} {ergonomic}
     bool UseCompressedOops                        = true                           {product lp64_product} {ergonomic}
     bool UseLargePagesIndividualAllocation        = false                                  {pd product} {ergonomic}
     bool UseParallelGC                            = true                                      {product} {command line}

Logging:
Log output configuration:
 #0: stdout all=off uptime,level,tags foldmultilines=false
 #1: stderr all=off uptime,level,tags foldmultilines=false

Environment Variables:
PATH=C:\Program Files\Common Files\Oracle\Java\javapath;C:\Program Files (x86)\VMware\VMware Workstation\bin\;C:\WINDOWS\system32;C:\WINDOWS;C:\WINDOWS\System32\Wbem;C:\WINDOWS\System32\WindowsPowerShell\v1.0\;C:\WINDOWS\System32\OpenSSH\;D:\Games\FIFA 19;C:\Program Files\Git\cmd;C:\Program Files\node-v22.2.0;D:\flutter\bin;C:\ProgramData\chocolatey\bin;C:\php-8.4.2;C:\Users\REMCOM\.console-ninja\.bin;C:\Users\REMCOM\AppData\Local\Programs\Python\Python312\Scripts\;C:\Users\REMCOM\AppData\Local\Programs\Python\Python312\;C:\Users\REMCOM\AppData\Local\Microsoft\WindowsApps;C:\Users\REMCOM\AppData\Local\Programs\Microsoft VS Code\bin;D:\IntelliJ IDEA 2024.1.2\bin;D:\PhpStorm 2024.1.2\bin;C:\Users\REMCOM\AppData\Local\Microsoft\WinGet\Packages\Schniz.fnm_Microsoft.Winget.Source_8wekyb3d8bbwe;C:\tools\dart-sdk\bin;C:\Users\REMCOM\AppData\Local\Pub\Cache\bin;;D:\PyCharm\PyCharm 2024.3.4\bin;;D:\intelli\IntelliJ IDEA 2024.3.4\bin;
USERNAME=REMCOM
OS=Windows_NT
PROCESSOR_IDENTIFIER=Intel64 Family 6 Model 78 Stepping 3, GenuineIntel
TMP=C:\Users\REMCOM\AppData\Local\Temp
TEMP=C:\Users\REMCOM\AppData\Local\Temp




Periodic native trim disabled

---------------  S Y S T E M  ---------------

OS:
 Windows 11 , 64 bit Build 22621 (10.0.22621.3958)
OS uptime: 2 days 23:26 hours

CPU: total 4 (initial active 4) (2 cores per cpu, 2 threads per core) family 6 model 78 stepping 3 microcode 0xd6, cx8, cmov, fxsr, ht, mmx, 3dnowpref, sse, sse2, sse3, ssse3, sse4.1, sse4.2, popcnt, lzcnt, tsc, tscinvbit, avx, avx2, aes, erms, clmul, bmi1, bmi2, adx, fma, vzeroupper, clflush, clflushopt, rdtscp, f16c
Processor Information for processor 0
  Max Mhz: 2400, Current Mhz: 1500, Mhz Limit: 2280
Processor Information for processor 1
  Max Mhz: 2400, Current Mhz: 1500, Mhz Limit: 2280
Processor Information for processor 2
  Max Mhz: 2400, Current Mhz: 2300, Mhz Limit: 2280
Processor Information for processor 3
  Max Mhz: 2400, Current Mhz: 2300, Mhz Limit: 2280

Memory: 4k page, system-wide physical 8072M (550M free)
TotalPageFile size 23215M (AvailPageFile size 0M)
current process WorkingSet (physical memory assigned to process): 198M, peak: 213M
current process commit charge ("private bytes"): 272M, peak: 285M

vm_info: OpenJDK 64-Bit Server VM (21.0.6+7-LTS) for windows-amd64 JRE (21.0.6+7-LTS), built on 2025-01-21T00:00:00Z by "admin" with MS VC++ 17.7 (VS2022)

END.
